<?xml version="1.0" encoding="utf-8"?>
<TestRun id="cf5b782c-6e6e-4859-a348-661622e0cd07" name="@MacBookPro 2026-02-25 05:48:14" xmlns="http://microsoft.com/schemas/VisualStudio/TeamTest/2010">
  <Times creation="2026-02-25T05:48:14.5544860-05:00" queuing="2026-02-25T05:48:14.5544870-05:00" start="2026-02-25T05:48:14.3451630-05:00" finish="2026-02-25T05:48:14.5549450-05:00" />
  <TestSettings name="default" id="6c3e7d0d-9243-4218-90cf-41a7bd806ee6">
    <Deployment runDeploymentRoot="_MacBookPro_2026-02-25_05_48_14" />
  </TestSettings>
  <TestLists>
    <TestList name="Results Not in a List" id="8c84fa94-04c1-424b-9868-57a2d4851a1d" />
    <TestList name="All Loaded Results" id="19431567-8539-422a-85d7-44ee4e166bda" />
  </TestLists>
  <ResultSummary outcome="Failed">
    <Counters total="0" executed="0" passed="0" failed="0" error="0" timeout="0" aborted="0" inconclusive="0" passedButRunAborted="0" notRunnable="0" notExecuted="0" disconnected="0" warning="0" completed="0" inProgress="0" pending="0" />
    <Output>
      <StdOut>You must install or update .NET to run this application.
App: /Users/christopherwilliams/Dev/Shared-Equity/medpact-core-packet/apps/api/MedPact.ProviderTests/bin/Debug/net8.0/testhost.dll
Architecture: x64
Framework: 'Microsoft.NETCore.App', version '8.0.0' (x64)
.NET location: /usr/local/Cellar/dotnet/9.0.8/libexec/
The following frameworks were found:
  9.0.8 at [/usr/local/Cellar/dotnet/9.0.8/libexec/shared/Microsoft.NETCore.App]
Learn more:
https://aka.ms/dotnet/app-launch-failed
To install missing framework, download:
https://aka.ms/dotnet-core-applaunch?framework=Microsoft.NETCore.App&amp;framework_version=8.0.0&amp;arch=x64&amp;rid=osx-x64&amp;os=osx.15
</StdOut>
    </Output>
    <RunInfos>
      <RunInfo computerName="MacBookPro" outcome="Error" timestamp="2026-02-25T05:48:14.4920230-05:00">
        <Text>Testhost process for source(s) '/Users/christopherwilliams/Dev/Shared-Equity/medpact-core-packet/apps/api/MedPact.ProviderTests/bin/Debug/net8.0/MedPact.ProviderTests.dll' exited with error: You must install or update .NET to run this application.
App: /Users/christopherwilliams/Dev/Shared-Equity/medpact-core-packet/apps/api/MedPact.ProviderTests/bin/Debug/net8.0/testhost.dll
Architecture: x64
Framework: 'Microsoft.NETCore.App', version '8.0.0' (x64)
.NET location: /usr/local/Cellar/dotnet/9.0.8/libexec/
The following frameworks were found:
  9.0.8 at [/usr/local/Cellar/dotnet/9.0.8/libexec/shared/Microsoft.NETCore.App]
Learn more:
https://aka.ms/dotnet/app-launch-failed
To install missing framework, download:
https://aka.ms/dotnet-core-applaunch?framework=Microsoft.NETCore.App&amp;framework_version=8.0.0&amp;arch=x64&amp;rid=osx-x64&amp;os=osx.15
. Please check the diagnostic logs for more information.</Text>
      </RunInfo>
    </RunInfos>
  </ResultSummary>
</TestRun>