<?xml version="1.0" encoding="utf-8"?>
<TestRun id="618c3353-6aef-4b1d-b285-7fa747df6f0d" name="@MacBookPro 2026-02-26 06:31:15" xmlns="http://microsoft.com/schemas/VisualStudio/TeamTest/2010">
  <Times creation="2026-02-26T06:31:15.8578260-05:00" queuing="2026-02-26T06:31:15.8578260-05:00" start="2026-02-26T06:31:13.2787510-05:00" finish="2026-02-26T06:31:15.8659960-05:00" />
  <TestSettings name="default" id="b290984d-4c4b-461f-a07e-6d5f0f15fc16">
    <Deployment runDeploymentRoot="_MacBookPro_2026-02-26_06_31_15" />
  </TestSettings>
  <Results>
    <UnitTestResult executionId="cbff2d0b-b9ef-4519-9cef-2f38d66a1dda" testId="119bebce-7378-eb4d-4ce9-d05a5b3cad07" testName="AuthAndCrudTests.LoginAndCallProtectedEndpoint" computerName="MacBookPro" duration="00:00:00.0161099" startTime="2026-02-26T06:31:15.7649090-05:00" endTime="2026-02-26T06:31:15.7649090-05:00" testType="13cdc9d9-ddb5-4fa4-a97d-d965ccfc6d4b" outcome="Passed" testListId="8c84fa94-04c1-424b-9868-57a2d4851a1d" relativeResultsDirectory="cbff2d0b-b9ef-4519-9cef-2f38d66a1dda" />
    <UnitTestResult executionId="5af3a2e9-e99f-4a03-8c12-b0313f546137" testId="c30c001f-ea01-c665-b3b2-e4250d20c0d1" testName="HealthAndTenantTests.Tenants_SeededTenant_Exists" computerName="MacBookPro" duration="00:00:00.0920895" startTime="2026-02-26T06:31:15.5978680-05:00" endTime="2026-02-26T06:31:15.5978690-05:00" testType="13cdc9d9-ddb5-4fa4-a97d-d965ccfc6d4b" outcome="Passed" testListId="8c84fa94-04c1-424b-9868-57a2d4851a1d" relativeResultsDirectory="5af3a2e9-e99f-4a03-8c12-b0313f546137" />
    <UnitTestResult executionId="8ed26e8b-7cfe-43f6-8ce1-53266ad6a3cf" testId="5947f9a7-267a-f634-49e0-b32f80260a39" testName="HealthAndTenantTests.HealthEndpoint_ReturnsOk" computerName="MacBookPro" duration="00:00:01.2601195" startTime="2026-02-26T06:31:15.5037930-05:00" endTime="2026-02-26T06:31:15.5038290-05:00" testType="13cdc9d9-ddb5-4fa4-a97d-d965ccfc6d4b" outcome="Passed" testListId="8c84fa94-04c1-424b-9868-57a2d4851a1d" relativeResultsDirectory="8ed26e8b-7cfe-43f6-8ce1-53266ad6a3cf" />
    <UnitTestResult executionId="23ffc5b2-7da9-4ed8-87f4-b3088ef6ac7a" testId="cdbe271d-c733-e264-53ad-8452c0e579e3" testName="AuthAndCrudTests.TenantCrudFlow" computerName="MacBookPro" duration="00:00:01.5109068" startTime="2026-02-26T06:31:15.7487140-05:00" endTime="2026-02-26T06:31:15.7487140-05:00" testType="13cdc9d9-ddb5-4fa4-a97d-d965ccfc6d4b" outcome="Passed" testListId="8c84fa94-04c1-424b-9868-57a2d4851a1d" relativeResultsDirectory="23ffc5b2-7da9-4ed8-87f4-b3088ef6ac7a" />
  </Results>
  <TestDefinitions>
    <UnitTest name="HealthAndTenantTests.Tenants_SeededTenant_Exists" storage="/users/christopherwilliams/dev/shared-equity/medpact-core-packet/apps/api/medpact.integrationtests/bin/debug/net8.0/medpact.integrationtests.dll" id="c30c001f-ea01-c665-b3b2-e4250d20c0d1">
      <Execution id="5af3a2e9-e99f-4a03-8c12-b0313f546137" />
      <TestMethod codeBase="/Users/christopherwilliams/Dev/Shared-Equity/medpact-core-packet/apps/api/MedPact.IntegrationTests/bin/Debug/net8.0/MedPact.IntegrationTests.dll" adapterTypeName="executor://xunit/VsTestRunner2/netcoreapp" className="HealthAndTenantTests" name="Tenants_SeededTenant_Exists" />
    </UnitTest>
    <UnitTest name="HealthAndTenantTests.HealthEndpoint_ReturnsOk" storage="/users/christopherwilliams/dev/shared-equity/medpact-core-packet/apps/api/medpact.integrationtests/bin/debug/net8.0/medpact.integrationtests.dll" id="5947f9a7-267a-f634-49e0-b32f80260a39">
      <Execution id="8ed26e8b-7cfe-43f6-8ce1-53266ad6a3cf" />
      <TestMethod codeBase="/Users/christopherwilliams/Dev/Shared-Equity/medpact-core-packet/apps/api/MedPact.IntegrationTests/bin/Debug/net8.0/MedPact.IntegrationTests.dll" adapterTypeName="executor://xunit/VsTestRunner2/netcoreapp" className="HealthAndTenantTests" name="HealthEndpoint_ReturnsOk" />
    </UnitTest>
    <UnitTest name="AuthAndCrudTests.TenantCrudFlow" storage="/users/christopherwilliams/dev/shared-equity/medpact-core-packet/apps/api/medpact.integrationtests/bin/debug/net8.0/medpact.integrationtests.dll" id="cdbe271d-c733-e264-53ad-8452c0e579e3">
      <Execution id="23ffc5b2-7da9-4ed8-87f4-b3088ef6ac7a" />
      <TestMethod codeBase="/Users/christopherwilliams/Dev/Shared-Equity/medpact-core-packet/apps/api/MedPact.IntegrationTests/bin/Debug/net8.0/MedPact.IntegrationTests.dll" adapterTypeName="executor://xunit/VsTestRunner2/netcoreapp" className="AuthAndCrudTests" name="TenantCrudFlow" />
    </UnitTest>
    <UnitTest name="AuthAndCrudTests.LoginAndCallProtectedEndpoint" storage="/users/christopherwilliams/dev/shared-equity/medpact-core-packet/apps/api/medpact.integrationtests/bin/debug/net8.0/medpact.integrationtests.dll" id="119bebce-7378-eb4d-4ce9-d05a5b3cad07">
      <Execution id="cbff2d0b-b9ef-4519-9cef-2f38d66a1dda" />
      <TestMethod codeBase="/Users/christopherwilliams/Dev/Shared-Equity/medpact-core-packet/apps/api/MedPact.IntegrationTests/bin/Debug/net8.0/MedPact.IntegrationTests.dll" adapterTypeName="executor://xunit/VsTestRunner2/netcoreapp" className="AuthAndCrudTests" name="LoginAndCallProtectedEndpoint" />
    </UnitTest>
  </TestDefinitions>
  <TestEntries>
    <TestEntry testId="119bebce-7378-eb4d-4ce9-d05a5b3cad07" executionId="cbff2d0b-b9ef-4519-9cef-2f38d66a1dda" testListId="8c84fa94-04c1-424b-9868-57a2d4851a1d" />
    <TestEntry testId="c30c001f-ea01-c665-b3b2-e4250d20c0d1" executionId="5af3a2e9-e99f-4a03-8c12-b0313f546137" testListId="8c84fa94-04c1-424b-9868-57a2d4851a1d" />
    <TestEntry testId="5947f9a7-267a-f634-49e0-b32f80260a39" executionId="8ed26e8b-7cfe-43f6-8ce1-53266ad6a3cf" testListId="8c84fa94-04c1-424b-9868-57a2d4851a1d" />
    <TestEntry testId="cdbe271d-c733-e264-53ad-8452c0e579e3" executionId="23ffc5b2-7da9-4ed8-87f4-b3088ef6ac7a" testListId="8c84fa94-04c1-424b-9868-57a2d4851a1d" />
  </TestEntries>
  <TestLists>
    <TestList name="Results Not in a List" id="8c84fa94-04c1-424b-9868-57a2d4851a1d" />
    <TestList name="All Loaded Results" id="19431567-8539-422a-85d7-44ee4e166bda" />
  </TestLists>
  <ResultSummary outcome="Completed">
    <Counters total="4" executed="4" passed="4" failed="0" error="0" timeout="0" aborted="0" inconclusive="0" passedButRunAborted="0" notRunnable="0" notExecuted="0" disconnected="0" warning="0" completed="0" inProgress="0" pending="0" />
    <Output>
      <StdOut>[xUnit.net 00:00:00.00] xUnit.net VSTest Adapter v2.8.0+6438bb880a (64-bit .NET 8.0.24)
[xUnit.net 00:00:00.10]   Discovering: MedPact.IntegrationTests
[xUnit.net 00:00:00.14]   Discovered:  MedPact.IntegrationTests
[xUnit.net 00:00:00.14]   Starting:    MedPact.IntegrationTests
[06:31:14 INF] Saved 0 entities to in-memory store.
[06:31:14 INF] Saved 0 entities to in-memory store.
[06:31:15 INF] Saved 1 entities to in-memory store.
[06:31:15 INF] Saved 1 entities to in-memory store.
[06:31:15 INF] Saved 1 entities to in-memory store.
[06:31:15 INF] Saved 1 entities to in-memory store.
[06:31:15 INF] User profile is available. Using '/Users/christopherwilliams/.aspnet/DataProtection-Keys' as key repository; keys will not be encrypted at rest.
[06:31:15 INF] User profile is available. Using '/Users/christopherwilliams/.aspnet/DataProtection-Keys' as key repository; keys will not be encrypted at rest.
[06:31:15 INF] User profile is available. Using '/Users/christopherwilliams/.aspnet/DataProtection-Keys' as key repository; keys will not be encrypted at rest.
[06:31:15 INF] User profile is available. Using '/Users/christopherwilliams/.aspnet/DataProtection-Keys' as key repository; keys will not be encrypted at rest.
[06:31:15 INF] Request starting HTTP/1.1 GET http://localhost/api/health - null null
[06:31:15 INF] Request starting HTTP/1.1 POST http://localhost/api/auth/login - application/json; charset=utf-8 72
[06:31:15 INF] Request starting HTTP/1.1 GET http://localhost/api/health - null null
[06:31:15 INF] Request starting HTTP/1.1 POST http://localhost/api/auth/login - application/json; charset=utf-8 72
[06:31:15 WRN] Failed to determine the https port for redirect.
[06:31:15 WRN] Failed to determine the https port for redirect.
[06:31:15 WRN] Failed to determine the https port for redirect.
[06:31:15 WRN] Failed to determine the https port for redirect.
[06:31:15 INF] Executing endpoint 'MedPact.Api.Controllers.AuthController.Login (MedPact.Api)'
[06:31:15 INF] Executing endpoint 'MedPact.Api.Controllers.HealthController.Get (MedPact.Api)'
[06:31:15 INF] Executing endpoint 'MedPact.Api.Controllers.AuthController.Login (MedPact.Api)'
[06:31:15 INF] Executing endpoint 'MedPact.Api.Controllers.HealthController.Get (MedPact.Api)'
[06:31:15 INF] Route matched with {action = "Get", controller = "Health"}. Executing controller action with signature Microsoft.AspNetCore.Mvc.IActionResult Get() on controller MedPact.Api.Controllers.HealthController (MedPact.Api).
[06:31:15 INF] Route matched with {action = "Get", controller = "Health"}. Executing controller action with signature Microsoft.AspNetCore.Mvc.IActionResult Get() on controller MedPact.Api.Controllers.HealthController (MedPact.Api).
[06:31:15 INF] Route matched with {action = "Login", controller = "Auth"}. Executing controller action with signature System.Threading.Tasks.Task`1[Microsoft.AspNetCore.Mvc.IActionResult] Login(MedPact.Api.Controllers.LoginRequest) on controller MedPact.Api.Controllers.AuthController (MedPact.Api).
[06:31:15 INF] Route matched with {action = "Login", controller = "Auth"}. Executing controller action with signature System.Threading.Tasks.Task`1[Microsoft.AspNetCore.Mvc.IActionResult] Login(MedPact.Api.Controllers.LoginRequest) on controller MedPact.Api.Controllers.AuthController (MedPact.Api).
[06:31:15 INF] Executing OkObjectResult, writing value of type '&lt;&gt;f__AnonymousType2`2[[System.String, System.Private.CoreLib, Version=8.0.0.0, Culture=neutral, PublicKeyToken=7cec85d7bea7798e],[System.String, System.Private.CoreLib, Version=8.0.0.0, Culture=neutral, PublicKeyToken=7cec85d7bea7798e]]'.
[06:31:15 INF] Executing OkObjectResult, writing value of type '&lt;&gt;f__AnonymousType2`2[[System.String, System.Private.CoreLib, Version=8.0.0.0, Culture=neutral, PublicKeyToken=7cec85d7bea7798e],[System.String, System.Private.CoreLib, Version=8.0.0.0, Culture=neutral, PublicKeyToken=7cec85d7bea7798e]]'.
[06:31:15 INF] Executed action MedPact.Api.Controllers.HealthController.Get (MedPact.Api) in 13.9061ms
[06:31:15 INF] Executed action MedPact.Api.Controllers.HealthController.Get (MedPact.Api) in 13.9061ms
[06:31:15 INF] Executed endpoint 'MedPact.Api.Controllers.HealthController.Get (MedPact.Api)'
[06:31:15 INF] Executed endpoint 'MedPact.Api.Controllers.HealthController.Get (MedPact.Api)'
[06:31:15 INF] Request finished HTTP/1.1 GET http://localhost/api/health - 200 null application/json; charset=utf-8 93.1967ms
[06:31:15 INF] Request finished HTTP/1.1 GET http://localhost/api/health - 200 null application/json; charset=utf-8 93.1967ms
[06:31:15 INF] Request starting HTTP/1.1 GET http://localhost/api/tenants - null null
[06:31:15 INF] Request starting HTTP/1.1 GET http://localhost/api/tenants - null null
[06:31:15 INF] Executing endpoint 'MedPact.Api.Controllers.TenantsController.List (MedPact.Api)'
[06:31:15 INF] Executing endpoint 'MedPact.Api.Controllers.TenantsController.List (MedPact.Api)'
[06:31:15 INF] Route matched with {action = "List", controller = "Tenants"}. Executing controller action with signature System.Threading.Tasks.Task`1[Microsoft.AspNetCore.Mvc.IActionResult] List() on controller MedPact.Api.Controllers.TenantsController (MedPact.Api).
[06:31:15 INF] Route matched with {action = "List", controller = "Tenants"}. Executing controller action with signature System.Threading.Tasks.Task`1[Microsoft.AspNetCore.Mvc.IActionResult] List() on controller MedPact.Api.Controllers.TenantsController (MedPact.Api).
[06:31:15 INF] Executing OkObjectResult, writing value of type 'System.Collections.Generic.List`1[[MedPact.Domain.Org.Tenant, MedPact.Domain, Version=1.0.0.0, Culture=neutral, PublicKeyToken=null]]'.
[06:31:15 INF] Executing OkObjectResult, writing value of type 'System.Collections.Generic.List`1[[MedPact.Domain.Org.Tenant, MedPact.Domain, Version=1.0.0.0, Culture=neutral, PublicKeyToken=null]]'.
[06:31:15 INF] Executed action MedPact.Api.Controllers.TenantsController.List (MedPact.Api) in 76.6723ms
[06:31:15 INF] Executed action MedPact.Api.Controllers.TenantsController.List (MedPact.Api) in 76.6723ms
[06:31:15 INF] Executed endpoint 'MedPact.Api.Controllers.TenantsController.List (MedPact.Api)'
[06:31:15 INF] Executed endpoint 'MedPact.Api.Controllers.TenantsController.List (MedPact.Api)'
[06:31:15 INF] Request finished HTTP/1.1 GET http://localhost/api/tenants - 200 null application/json; charset=utf-8 83.5529ms
[06:31:15 INF] Request finished HTTP/1.1 GET http://localhost/api/tenants - 200 null application/json; charset=utf-8 83.5529ms
[06:31:15 INF] Saved 1 entities to in-memory store.
[06:31:15 INF] Saved 1 entities to in-memory store.
[06:31:15 INF] Saved 1 entities to in-memory store.
[06:31:15 INF] Saved 1 entities to in-memory store.
[06:31:15 INF] Saved 1 entities to in-memory store.
[06:31:15 INF] Saved 1 entities to in-memory store.
[06:31:15 INF] Executing OkObjectResult, writing value of type '&lt;&gt;f__AnonymousType1`1[[System.String, System.Private.CoreLib, Version=8.0.0.0, Culture=neutral, PublicKeyToken=7cec85d7bea7798e]]'.
[06:31:15 INF] Executing OkObjectResult, writing value of type '&lt;&gt;f__AnonymousType1`1[[System.String, System.Private.CoreLib, Version=8.0.0.0, Culture=neutral, PublicKeyToken=7cec85d7bea7798e]]'.
[06:31:15 INF] Executed action MedPact.Api.Controllers.AuthController.Login (MedPact.Api) in 222.145ms
[06:31:15 INF] Executed action MedPact.Api.Controllers.AuthController.Login (MedPact.Api) in 222.145ms
[06:31:15 INF] Executed endpoint 'MedPact.Api.Controllers.AuthController.Login (MedPact.Api)'
[06:31:15 INF] Executed endpoint 'MedPact.Api.Controllers.AuthController.Login (MedPact.Api)'
[06:31:15 INF] Request finished HTTP/1.1 POST http://localhost/api/auth/login - 200 null application/json; charset=utf-8 296.9153ms
[06:31:15 INF] Request finished HTTP/1.1 POST http://localhost/api/auth/login - 200 null application/json; charset=utf-8 296.9153ms
[06:31:15 INF] Request starting HTTP/1.1 POST http://localhost/api/tenants - application/json; charset=utf-8 21
[06:31:15 INF] Request starting HTTP/1.1 POST http://localhost/api/tenants - application/json; charset=utf-8 21
[06:31:15 INF] Failed to validate the token.
Microsoft.IdentityModel.Tokens.SecurityTokenSignatureKeyNotFoundException: IDX10503: Signature validation failed. Token does not have a kid. Keys tried: '[PII of type 'System.Text.StringBuilder' is hidden. For more details, see https://aka.ms/IdentityModel/PII.]'. Number of keys in TokenValidationParameters: '1'. 
Number of keys in Configuration: '0'. 
Exceptions caught:
 '[PII of type 'System.String' is hidden. For more details, see https://aka.ms/IdentityModel/PII.]'.
token: '[PII of type 'Microsoft.IdentityModel.JsonWebTokens.JsonWebToken' is hidden. For more details, see https://aka.ms/IdentityModel/PII.]'. See https://aka.ms/IDX10503 for details.
   at Microsoft.IdentityModel.JsonWebTokens.JsonWebTokenHandler.ValidateSignature(JsonWebToken jwtToken, TokenValidationParameters validationParameters, BaseConfiguration configuration)
   at Microsoft.IdentityModel.JsonWebTokens.JsonWebTokenHandler.ValidateSignatureAndIssuerSecurityKey(JsonWebToken jsonWebToken, TokenValidationParameters validationParameters, BaseConfiguration configuration)
   at Microsoft.IdentityModel.JsonWebTokens.JsonWebTokenHandler.ValidateJWSAsync(JsonWebToken jsonWebToken, TokenValidationParameters validationParameters, BaseConfiguration configuration)
[06:31:15 INF] Failed to validate the token.
Microsoft.IdentityModel.Tokens.SecurityTokenSignatureKeyNotFoundException: IDX10503: Signature validation failed. Token does not have a kid. Keys tried: '[PII of type 'System.Text.StringBuilder' is hidden. For more details, see https://aka.ms/IdentityModel/PII.]'. Number of keys in TokenValidationParameters: '1'. 
Number of keys in Configuration: '0'. 
Exceptions caught:
 '[PII of type 'System.String' is hidden. For more details, see https://aka.ms/IdentityModel/PII.]'.
token: '[PII of type 'Microsoft.IdentityModel.JsonWebTokens.JsonWebToken' is hidden. For more details, see https://aka.ms/IdentityModel/PII.]'. See https://aka.ms/IDX10503 for details.
   at Microsoft.IdentityModel.JsonWebTokens.JsonWebTokenHandler.ValidateSignature(JsonWebToken jwtToken, TokenValidationParameters validationParameters, BaseConfiguration configuration)
   at Microsoft.IdentityModel.JsonWebTokens.JsonWebTokenHandler.ValidateSignatureAndIssuerSecurityKey(JsonWebToken jsonWebToken, TokenValidationParameters validationParameters, BaseConfiguration configuration)
   at Microsoft.IdentityModel.JsonWebTokens.JsonWebTokenHandler.ValidateJWSAsync(JsonWebToken jsonWebToken, TokenValidationParameters validationParameters, BaseConfiguration configuration)
[06:31:15 INF] Bearer was not authenticated. Failure message: IDX10503: Signature validation failed. Token does not have a kid. Keys tried: '[PII of type 'System.Text.StringBuilder' is hidden. For more details, see https://aka.ms/IdentityModel/PII.]'. Number of keys in TokenValidationParameters: '1'. 
Number of keys in Configuration: '0'. 
Exceptions caught:
 '[PII of type 'System.String' is hidden. For more details, see https://aka.ms/IdentityModel/PII.]'.
token: '[PII of type 'Microsoft.IdentityModel.JsonWebTokens.JsonWebToken' is hidden. For more details, see https://aka.ms/IdentityModel/PII.]'. See https://aka.ms/IDX10503 for details.
[06:31:15 INF] Bearer was not authenticated. Failure message: IDX10503: Signature validation failed. Token does not have a kid. Keys tried: '[PII of type 'System.Text.StringBuilder' is hidden. For more details, see https://aka.ms/IdentityModel/PII.]'. Number of keys in TokenValidationParameters: '1'. 
Number of keys in Configuration: '0'. 
Exceptions caught:
 '[PII of type 'System.String' is hidden. For more details, see https://aka.ms/IdentityModel/PII.]'.
token: '[PII of type 'Microsoft.IdentityModel.JsonWebTokens.JsonWebToken' is hidden. For more details, see https://aka.ms/IdentityModel/PII.]'. See https://aka.ms/IDX10503 for details.
[06:31:15 INF] Executing endpoint 'MedPact.Api.Controllers.TenantsController.Create (MedPact.Api)'
[06:31:15 INF] Executing endpoint 'MedPact.Api.Controllers.TenantsController.Create (MedPact.Api)'
[06:31:15 INF] Route matched with {action = "Create", controller = "Tenants"}. Executing controller action with signature System.Threading.Tasks.Task`1[Microsoft.AspNetCore.Mvc.IActionResult] Create(MedPact.Domain.Org.Tenant) on controller MedPact.Api.Controllers.TenantsController (MedPact.Api).
[06:31:15 INF] Route matched with {action = "Create", controller = "Tenants"}. Executing controller action with signature System.Threading.Tasks.Task`1[Microsoft.AspNetCore.Mvc.IActionResult] Create(MedPact.Domain.Org.Tenant) on controller MedPact.Api.Controllers.TenantsController (MedPact.Api).
[06:31:15 INF] Saved 1 entities to in-memory store.
[06:31:15 INF] Saved 1 entities to in-memory store.
[06:31:15 INF] Executing CreatedAtActionResult, writing value of type 'MedPact.Domain.Org.Tenant'.
[06:31:15 INF] Executing CreatedAtActionResult, writing value of type 'MedPact.Domain.Org.Tenant'.
[06:31:15 INF] Executed action MedPact.Api.Controllers.TenantsController.Create (MedPact.Api) in 18.0572ms
[06:31:15 INF] Executed action MedPact.Api.Controllers.TenantsController.Create (MedPact.Api) in 18.0572ms
[06:31:15 INF] Executed endpoint 'MedPact.Api.Controllers.TenantsController.Create (MedPact.Api)'
[06:31:15 INF] Executed endpoint 'MedPact.Api.Controllers.TenantsController.Create (MedPact.Api)'
[06:31:15 INF] Request finished HTTP/1.1 POST http://localhost/api/tenants - 201 null application/json; charset=utf-8 52.8527ms
[06:31:15 INF] Request finished HTTP/1.1 POST http://localhost/api/tenants - 201 null application/json; charset=utf-8 52.8527ms
[06:31:15 INF] Request starting HTTP/1.1 POST http://localhost/api/auth/login - application/json; charset=utf-8 74
[06:31:15 INF] Request starting HTTP/1.1 POST http://localhost/api/auth/login - application/json; charset=utf-8 74
[06:31:15 INF] Executing endpoint 'MedPact.Api.Controllers.AuthController.Login (MedPact.Api)'
[06:31:15 INF] Executing endpoint 'MedPact.Api.Controllers.AuthController.Login (MedPact.Api)'
[06:31:15 INF] Route matched with {action = "Login", controller = "Auth"}. Executing controller action with signature System.Threading.Tasks.Task`1[Microsoft.AspNetCore.Mvc.IActionResult] Login(MedPact.Api.Controllers.LoginRequest) on controller MedPact.Api.Controllers.AuthController (MedPact.Api).
[06:31:15 INF] Route matched with {action = "Login", controller = "Auth"}. Executing controller action with signature System.Threading.Tasks.Task`1[Microsoft.AspNetCore.Mvc.IActionResult] Login(MedPact.Api.Controllers.LoginRequest) on controller MedPact.Api.Controllers.AuthController (MedPact.Api).
[06:31:15 INF] Saved 1 entities to in-memory store.
[06:31:15 INF] Saved 1 entities to in-memory store.
[06:31:15 INF] Saved 1 entities to in-memory store.
[06:31:15 INF] Saved 1 entities to in-memory store.
[06:31:15 INF] Saved 1 entities to in-memory store.
[06:31:15 INF] Saved 1 entities to in-memory store.
[06:31:15 INF] Executing OkObjectResult, writing value of type '&lt;&gt;f__AnonymousType1`1[[System.String, System.Private.CoreLib, Version=8.0.0.0, Culture=neutral, PublicKeyToken=7cec85d7bea7798e]]'.
[06:31:15 INF] Executing OkObjectResult, writing value of type '&lt;&gt;f__AnonymousType1`1[[System.String, System.Private.CoreLib, Version=8.0.0.0, Culture=neutral, PublicKeyToken=7cec85d7bea7798e]]'.
[06:31:15 INF] Executed action MedPact.Api.Controllers.AuthController.Login (MedPact.Api) in 6.4602ms
[06:31:15 INF] Executed action MedPact.Api.Controllers.AuthController.Login (MedPact.Api) in 6.4602ms
[06:31:15 INF] Executed endpoint 'MedPact.Api.Controllers.AuthController.Login (MedPact.Api)'
[06:31:15 INF] Executed endpoint 'MedPact.Api.Controllers.AuthController.Login (MedPact.Api)'
[06:31:15 INF] Request finished HTTP/1.1 POST http://localhost/api/auth/login - 200 null application/json; charset=utf-8 9.0024ms
[06:31:15 INF] Request finished HTTP/1.1 POST http://localhost/api/auth/login - 200 null application/json; charset=utf-8 9.0024ms
[06:31:15 INF] Request starting HTTP/1.1 GET http://localhost/api/tenants - null null
[06:31:15 INF] Request starting HTTP/1.1 GET http://localhost/api/tenants - null null
[06:31:15 INF] Failed to validate the token.
Microsoft.IdentityModel.Tokens.SecurityTokenSignatureKeyNotFoundException: IDX10503: Signature validation failed. Token does not have a kid. Keys tried: '[PII of type 'System.Text.StringBuilder' is hidden. For more details, see https://aka.ms/IdentityModel/PII.]'. Number of keys in TokenValidationParameters: '1'. 
Number of keys in Configuration: '0'. 
Exceptions caught:
 '[PII of type 'System.String' is hidden. For more details, see https://aka.ms/IdentityModel/PII.]'.
token: '[PII of type 'Microsoft.IdentityModel.JsonWebTokens.JsonWebToken' is hidden. For more details, see https://aka.ms/IdentityModel/PII.]'. See https://aka.ms/IDX10503 for details.
   at Microsoft.IdentityModel.JsonWebTokens.JsonWebTokenHandler.ValidateSignature(JsonWebToken jwtToken, TokenValidationParameters validationParameters, BaseConfiguration configuration)
   at Microsoft.IdentityModel.JsonWebTokens.JsonWebTokenHandler.ValidateSignatureAndIssuerSecurityKey(JsonWebToken jsonWebToken, TokenValidationParameters validationParameters, BaseConfiguration configuration)
   at Microsoft.IdentityModel.JsonWebTokens.JsonWebTokenHandler.ValidateJWSAsync(JsonWebToken jsonWebToken, TokenValidationParameters validationParameters, BaseConfiguration configuration)
[06:31:15 INF] Failed to validate the token.
Microsoft.IdentityModel.Tokens.SecurityTokenSignatureKeyNotFoundException: IDX10503: Signature validation failed. Token does not have a kid. Keys tried: '[PII of type 'System.Text.StringBuilder' is hidden. For more details, see https://aka.ms/IdentityModel/PII.]'. Number of keys in TokenValidationParameters: '1'. 
Number of keys in Configuration: '0'. 
Exceptions caught:
 '[PII of type 'System.String' is hidden. For more details, see https://aka.ms/IdentityModel/PII.]'.
token: '[PII of type 'Microsoft.IdentityModel.JsonWebTokens.JsonWebToken' is hidden. For more details, see https://aka.ms/IdentityModel/PII.]'. See https://aka.ms/IDX10503 for details.
   at Microsoft.IdentityModel.JsonWebTokens.JsonWebTokenHandler.ValidateSignature(JsonWebToken jwtToken, TokenValidationParameters validationParameters, BaseConfiguration configuration)
   at Microsoft.IdentityModel.JsonWebTokens.JsonWebTokenHandler.ValidateSignatureAndIssuerSecurityKey(JsonWebToken jsonWebToken, TokenValidationParameters validationParameters, BaseConfiguration configuration)
   at Microsoft.IdentityModel.JsonWebTokens.JsonWebTokenHandler.ValidateJWSAsync(JsonWebToken jsonWebToken, TokenValidationParameters validationParameters, BaseConfiguration configuration)
[06:31:15 INF] Bearer was not authenticated. Failure message: IDX10503: Signature validation failed. Token does not have a kid. Keys tried: '[PII of type 'System.Text.StringBuilder' is hidden. For more details, see https://aka.ms/IdentityModel/PII.]'. Number of keys in TokenValidationParameters: '1'. 
Number of keys in Configuration: '0'. 
Exceptions caught:
 '[PII of type 'System.String' is hidden. For more details, see https://aka.ms/IdentityModel/PII.]'.
token: '[PII of type 'Microsoft.IdentityModel.JsonWebTokens.JsonWebToken' is hidden. For more details, see https://aka.ms/IdentityModel/PII.]'. See https://aka.ms/IDX10503 for details.
[06:31:15 INF] Bearer was not authenticated. Failure message: IDX10503: Signature validation failed. Token does not have a kid. Keys tried: '[PII of type 'System.Text.StringBuilder' is hidden. For more details, see https://aka.ms/IdentityModel/PII.]'. Number of keys in TokenValidationParameters: '1'. 
Number of keys in Configuration: '0'. 
Exceptions caught:
 '[PII of type 'System.String' is hidden. For more details, see https://aka.ms/IdentityModel/PII.]'.
token: '[PII of type 'Microsoft.IdentityModel.JsonWebTokens.JsonWebToken' is hidden. For more details, see https://aka.ms/IdentityModel/PII.]'. See https://aka.ms/IDX10503 for details.
[06:31:15 INF] Executing endpoint 'MedPact.Api.Controllers.TenantsController.List (MedPact.Api)'
[06:31:15 INF] Executing endpoint 'MedPact.Api.Controllers.TenantsController.List (MedPact.Api)'
[06:31:15 INF] Route matched with {action = "List", controller = "Tenants"}. Executing controller action with signature System.Threading.Tasks.Task`1[Microsoft.AspNetCore.Mvc.IActionResult] List() on controller MedPact.Api.Controllers.TenantsController (MedPact.Api).
[06:31:15 INF] Route matched with {action = "List", controller = "Tenants"}. Executing controller action with signature System.Threading.Tasks.Task`1[Microsoft.AspNetCore.Mvc.IActionResult] List() on controller MedPact.Api.Controllers.TenantsController (MedPact.Api).
[06:31:15 INF] Executing OkObjectResult, writing value of type 'System.Collections.Generic.List`1[[MedPact.Domain.Org.Tenant, MedPact.Domain, Version=1.0.0.0, Culture=neutral, PublicKeyToken=null]]'.
[06:31:15 INF] Executing OkObjectResult, writing value of type 'System.Collections.Generic.List`1[[MedPact.Domain.Org.Tenant, MedPact.Domain, Version=1.0.0.0, Culture=neutral, PublicKeyToken=null]]'.
[06:31:15 INF] Executed action MedPact.Api.Controllers.TenantsController.List (MedPact.Api) in 0.9818ms
[06:31:15 INF] Executed action MedPact.Api.Controllers.TenantsController.List (MedPact.Api) in 0.9818ms
[06:31:15 INF] Executed endpoint 'MedPact.Api.Controllers.TenantsController.List (MedPact.Api)'
[06:31:15 INF] Executed endpoint 'MedPact.Api.Controllers.TenantsController.List (MedPact.Api)'
[06:31:15 INF] Request finished HTTP/1.1 GET http://localhost/api/tenants - 200 null application/json; charset=utf-8 4.7861ms
[06:31:15 INF] Request finished HTTP/1.1 GET http://localhost/api/tenants - 200 null application/json; charset=utf-8 4.7861ms
[xUnit.net 00:00:01.73]   Finished:    MedPact.IntegrationTests
</StdOut>
    </Output>
  </ResultSummary>
</TestRun>